<?xml version="1.0" encoding="UTF-8"?>
<testsuite name="com.webnovel.MemberRepositoryTest" tests="1" skipped="0" failures="0" errors="0" timestamp="2023-10-02T15:57:54" hostname="noyunaui-MacBookPro.local" time="0.497">
  <properties/>
  <testcase name="testMember" classname="com.webnovel.MemberRepositoryTest" time="0.497"/>
  <system-out><![CDATA[00:57:49.782 [Test worker] DEBUG org.springframework.test.annotation.ProfileValueUtils - Retrieved @ProfileValueSourceConfiguration [null] for test class [com.webnovel.MemberRepositoryTest]
00:57:49.782 [Test worker] DEBUG org.springframework.test.annotation.ProfileValueUtils - Retrieved ProfileValueSource type [class org.springframework.test.annotation.SystemProfileValueSource] for class [com.webnovel.MemberRepositoryTest]
00:57:49.786 [Test worker] DEBUG org.springframework.test.annotation.ProfileValueUtils - Retrieved @ProfileValueSourceConfiguration [null] for test class [com.webnovel.MemberRepositoryTest]
00:57:49.786 [Test worker] DEBUG org.springframework.test.annotation.ProfileValueUtils - Retrieved ProfileValueSource type [class org.springframework.test.annotation.SystemProfileValueSource] for class [com.webnovel.MemberRepositoryTest]
00:57:49.807 [Test worker] DEBUG org.springframework.test.context.support.AbstractDirtiesContextTestExecutionListener - Before test class: context [DefaultTestContext@55a8dc49 testClass = MemberRepositoryTest, testInstance = [null], testMethod = [null], testException = [null], mergedContextConfiguration = [WebMergedContextConfiguration@2a415aa9 testClass = MemberRepositoryTest, locations = '{}', classes = '{class com.webnovel.WebnovelApplication}', contextInitializerClasses = '[]', activeProfiles = '{}', propertySourceLocations = '{}', propertySourceProperties = '{org.springframework.boot.test.context.SpringBootTestContextBootstrapper=true}', contextCustomizers = set[org.springframework.boot.test.autoconfigure.actuate.metrics.MetricsExportContextCustomizerFactory$DisableMetricExportContextCustomizer@4097cac, org.springframework.boot.test.autoconfigure.properties.PropertyMappingContextCustomizer@0, org.springframework.boot.test.autoconfigure.web.servlet.WebDriverContextCustomizerFactory$Customizer@20b12f8a, org.springframework.boot.test.context.filter.ExcludeFilterContextCustomizer@56aaaecd, org.springframework.boot.test.json.DuplicateJsonObjectContextCustomizerFactory$DuplicateJsonObjectContextCustomizer@5ee2b6f9, org.springframework.boot.test.mock.mockito.MockitoContextCustomizer@0, org.springframework.boot.test.web.client.TestRestTemplateContextCustomizer@78365cfa, org.springframework.boot.test.context.SpringBootTestArgs@1, org.springframework.boot.test.context.SpringBootTestWebEnvironment@49c6c24f], resourceBasePath = 'src/main/webapp', contextLoader = 'org.springframework.boot.test.context.SpringBootContextLoader', parent = [null]], attributes = map['org.springframework.test.context.web.ServletTestExecutionListener.activateListener' -> true]], class annotated with @DirtiesContext [false] with mode [null].
00:57:49.810 [Test worker] DEBUG org.springframework.test.annotation.ProfileValueUtils - Retrieved @ProfileValueSourceConfiguration [null] for test class [com.webnovel.MemberRepositoryTest]
00:57:49.810 [Test worker] DEBUG org.springframework.test.annotation.ProfileValueUtils - Retrieved ProfileValueSource type [class org.springframework.test.annotation.SystemProfileValueSource] for class [com.webnovel.MemberRepositoryTest]

  .   ____          _            __ _ _
 /\\ / ___'_ __ _ _(_)_ __  __ _ \ \ \ \
( ( )\___ | '_ | '_| | '_ \/ _` | \ \ \ \
 \\/  ___)| |_)| | | | | || (_| |  ) ) ) )
  '  |____| .__|_| |_|_| |_\__, | / / / /
 =========|_|==============|___/=/_/_/_/
 :: Spring Boot ::               (v2.7.16)

2023-10-03 00:57:50.329  INFO 92451 --- [    Test worker] com.webnovel.MemberRepositoryTest        : Starting MemberRepositoryTest using Java 11.0.13 on noyunaui-MacBookPro.local with PID 92451 (started by noyuna in /Users/noyuna/webnovel)
2023-10-03 00:57:50.331  INFO 92451 --- [    Test worker] com.webnovel.MemberRepositoryTest        : No active profile set, falling back to 1 default profile: "default"
2023-10-03 00:57:51.096  INFO 92451 --- [    Test worker] .s.d.r.c.RepositoryConfigurationDelegate : Bootstrapping Spring Data JPA repositories in DEFAULT mode.
2023-10-03 00:57:51.125  INFO 92451 --- [    Test worker] .s.d.r.c.RepositoryConfigurationDelegate : Finished Spring Data repository scanning in 11 ms. Found 0 JPA repository interfaces.
2023-10-03 00:57:51.821  INFO 92451 --- [    Test worker] o.hibernate.jpa.internal.util.LogHelper  : HHH000204: Processing PersistenceUnitInfo [name: default]
2023-10-03 00:57:51.894  INFO 92451 --- [    Test worker] org.hibernate.Version                    : HHH000412: Hibernate ORM core version 5.6.15.Final
2023-10-03 00:57:52.126  INFO 92451 --- [    Test worker] o.hibernate.annotations.common.Version   : HCANN000001: Hibernate Commons Annotations {5.1.2.Final}
2023-10-03 00:57:52.161 DEBUG 92451 --- [    Test worker] org.hibernate.type.BasicTypeRegistry     : Adding type registration boolean -> org.hibernate.type.BooleanType@1192c925
2023-10-03 00:57:52.161 DEBUG 92451 --- [    Test worker] org.hibernate.type.BasicTypeRegistry     : Adding type registration boolean -> org.hibernate.type.BooleanType@1192c925
2023-10-03 00:57:52.161 DEBUG 92451 --- [    Test worker] org.hibernate.type.BasicTypeRegistry     : Adding type registration java.lang.Boolean -> org.hibernate.type.BooleanType@1192c925
2023-10-03 00:57:52.162 DEBUG 92451 --- [    Test worker] org.hibernate.type.BasicTypeRegistry     : Adding type registration numeric_boolean -> org.hibernate.type.NumericBooleanType@6537ac
2023-10-03 00:57:52.163 DEBUG 92451 --- [    Test worker] org.hibernate.type.BasicTypeRegistry     : Adding type registration true_false -> org.hibernate.type.TrueFalseType@6bb4cc0e
2023-10-03 00:57:52.164 DEBUG 92451 --- [    Test worker] org.hibernate.type.BasicTypeRegistry     : Adding type registration yes_no -> org.hibernate.type.YesNoType@b56ec6c
2023-10-03 00:57:52.165 DEBUG 92451 --- [    Test worker] org.hibernate.type.BasicTypeRegistry     : Adding type registration byte -> org.hibernate.type.ByteType@7a814310
2023-10-03 00:57:52.165 DEBUG 92451 --- [    Test worker] org.hibernate.type.BasicTypeRegistry     : Adding type registration byte -> org.hibernate.type.ByteType@7a814310
2023-10-03 00:57:52.166 DEBUG 92451 --- [    Test worker] org.hibernate.type.BasicTypeRegistry     : Adding type registration java.lang.Byte -> org.hibernate.type.ByteType@7a814310
2023-10-03 00:57:52.167 DEBUG 92451 --- [    Test worker] org.hibernate.type.BasicTypeRegistry     : Adding type registration character -> org.hibernate.type.CharacterType@4b4a2fa8
2023-10-03 00:57:52.168 DEBUG 92451 --- [    Test worker] org.hibernate.type.BasicTypeRegistry     : Adding type registration char -> org.hibernate.type.CharacterType@4b4a2fa8
2023-10-03 00:57:52.168 DEBUG 92451 --- [    Test worker] org.hibernate.type.BasicTypeRegistry     : Adding type registration java.lang.Character -> org.hibernate.type.CharacterType@4b4a2fa8
2023-10-03 00:57:52.169 DEBUG 92451 --- [    Test worker] org.hibernate.type.BasicTypeRegistry     : Adding type registration short -> org.hibernate.type.ShortType@65036e8d
2023-10-03 00:57:52.170 DEBUG 92451 --- [    Test worker] org.hibernate.type.BasicTypeRegistry     : Adding type registration short -> org.hibernate.type.ShortType@65036e8d
2023-10-03 00:57:52.170 DEBUG 92451 --- [    Test worker] org.hibernate.type.BasicTypeRegistry     : Adding type registration java.lang.Short -> org.hibernate.type.ShortType@65036e8d
2023-10-03 00:57:52.171 DEBUG 92451 --- [    Test worker] org.hibernate.type.BasicTypeRegistry     : Adding type registration integer -> org.hibernate.type.IntegerType@26d0ece6
2023-10-03 00:57:52.172 DEBUG 92451 --- [    Test worker] org.hibernate.type.BasicTypeRegistry     : Adding type registration int -> org.hibernate.type.IntegerType@26d0ece6
2023-10-03 00:57:52.172 DEBUG 92451 --- [    Test worker] org.hibernate.type.BasicTypeRegistry     : Adding type registration java.lang.Integer -> org.hibernate.type.IntegerType@26d0ece6
2023-10-03 00:57:52.174 DEBUG 92451 --- [    Test worker] org.hibernate.type.BasicTypeRegistry     : Adding type registration long -> org.hibernate.type.LongType@35ac9ebd
2023-10-03 00:57:52.174 DEBUG 92451 --- [    Test worker] org.hibernate.type.BasicTypeRegistry     : Adding type registration long -> org.hibernate.type.LongType@35ac9ebd
2023-10-03 00:57:52.174 DEBUG 92451 --- [    Test worker] org.hibernate.type.BasicTypeRegistry     : Adding type registration java.lang.Long -> org.hibernate.type.LongType@35ac9ebd
2023-10-03 00:57:52.176 DEBUG 92451 --- [    Test worker] org.hibernate.type.BasicTypeRegistry     : Adding type registration float -> org.hibernate.type.FloatType@4df7d9ee
2023-10-03 00:57:52.177 DEBUG 92451 --- [    Test worker] org.hibernate.type.BasicTypeRegistry     : Adding type registration float -> org.hibernate.type.FloatType@4df7d9ee
2023-10-03 00:57:52.177 DEBUG 92451 --- [    Test worker] org.hibernate.type.BasicTypeRegistry     : Adding type registration java.lang.Float -> org.hibernate.type.FloatType@4df7d9ee
2023-10-03 00:57:52.178 DEBUG 92451 --- [    Test worker] org.hibernate.type.BasicTypeRegistry     : Adding type registration double -> org.hibernate.type.DoubleType@7f4e5a39
2023-10-03 00:57:52.178 DEBUG 92451 --- [    Test worker] org.hibernate.type.BasicTypeRegistry     : Adding type registration double -> org.hibernate.type.DoubleType@7f4e5a39
2023-10-03 00:57:52.179 DEBUG 92451 --- [    Test worker] org.hibernate.type.BasicTypeRegistry     : Adding type registration java.lang.Double -> org.hibernate.type.DoubleType@7f4e5a39
2023-10-03 00:57:52.180 DEBUG 92451 --- [    Test worker] org.hibernate.type.BasicTypeRegistry     : Adding type registration big_decimal -> org.hibernate.type.BigDecimalType@64a1116a
2023-10-03 00:57:52.181 DEBUG 92451 --- [    Test worker] org.hibernate.type.BasicTypeRegistry     : Adding type registration java.math.BigDecimal -> org.hibernate.type.BigDecimalType@64a1116a
2023-10-03 00:57:52.182 DEBUG 92451 --- [    Test worker] org.hibernate.type.BasicTypeRegistry     : Adding type registration big_integer -> org.hibernate.type.BigIntegerType@d84b3a2
2023-10-03 00:57:52.182 DEBUG 92451 --- [    Test worker] org.hibernate.type.BasicTypeRegistry     : Adding type registration java.math.BigInteger -> org.hibernate.type.BigIntegerType@d84b3a2
2023-10-03 00:57:52.184 DEBUG 92451 --- [    Test worker] org.hibernate.type.BasicTypeRegistry     : Adding type registration string -> org.hibernate.type.StringType@537b3b2e
2023-10-03 00:57:52.184 DEBUG 92451 --- [    Test worker] org.hibernate.type.BasicTypeRegistry     : Adding type registration java.lang.String -> org.hibernate.type.StringType@537b3b2e
2023-10-03 00:57:52.185 DEBUG 92451 --- [    Test worker] org.hibernate.type.BasicTypeRegistry     : Adding type registration nstring -> org.hibernate.type.StringNVarcharType@221ca495
2023-10-03 00:57:52.186 DEBUG 92451 --- [    Test worker] org.hibernate.type.BasicTypeRegistry     : Adding type registration ncharacter -> org.hibernate.type.CharacterNCharType@3a38e4dc
2023-10-03 00:57:52.188 DEBUG 92451 --- [    Test worker] org.hibernate.type.BasicTypeRegistry     : Adding type registration url -> org.hibernate.type.UrlType@448cdb47
2023-10-03 00:57:52.188 DEBUG 92451 --- [    Test worker] org.hibernate.type.BasicTypeRegistry     : Adding type registration java.net.URL -> org.hibernate.type.UrlType@448cdb47
2023-10-03 00:57:52.190 DEBUG 92451 --- [    Test worker] org.hibernate.type.BasicTypeRegistry     : Adding type registration Duration -> org.hibernate.type.DurationType@161d95c6
2023-10-03 00:57:52.191 DEBUG 92451 --- [    Test worker] org.hibernate.type.BasicTypeRegistry     : Adding type registration java.time.Duration -> org.hibernate.type.DurationType@161d95c6
2023-10-03 00:57:52.192 DEBUG 92451 --- [    Test worker] org.hibernate.type.BasicTypeRegistry     : Adding type registration Instant -> org.hibernate.type.InstantType@539fc5d1
2023-10-03 00:57:52.193 DEBUG 92451 --- [    Test worker] org.hibernate.type.BasicTypeRegistry     : Adding type registration java.time.Instant -> org.hibernate.type.InstantType@539fc5d1
2023-10-03 00:57:52.194 DEBUG 92451 --- [    Test worker] org.hibernate.type.BasicTypeRegistry     : Adding type registration LocalDateTime -> org.hibernate.type.LocalDateTimeType@55222ee9
2023-10-03 00:57:52.195 DEBUG 92451 --- [    Test worker] org.hibernate.type.BasicTypeRegistry     : Adding type registration java.time.LocalDateTime -> org.hibernate.type.LocalDateTimeType@55222ee9
2023-10-03 00:57:52.196 DEBUG 92451 --- [    Test worker] org.hibernate.type.BasicTypeRegistry     : Adding type registration LocalDate -> org.hibernate.type.LocalDateType@71369e1a
2023-10-03 00:57:52.196 DEBUG 92451 --- [    Test worker] org.hibernate.type.BasicTypeRegistry     : Adding type registration java.time.LocalDate -> org.hibernate.type.LocalDateType@71369e1a
2023-10-03 00:57:52.197 DEBUG 92451 --- [    Test worker] org.hibernate.type.BasicTypeRegistry     : Adding type registration LocalTime -> org.hibernate.type.LocalTimeType@3719360c
2023-10-03 00:57:52.197 DEBUG 92451 --- [    Test worker] org.hibernate.type.BasicTypeRegistry     : Adding type registration java.time.LocalTime -> org.hibernate.type.LocalTimeType@3719360c
2023-10-03 00:57:52.199 DEBUG 92451 --- [    Test worker] org.hibernate.type.BasicTypeRegistry     : Adding type registration OffsetDateTime -> org.hibernate.type.OffsetDateTimeType@34aa8b61
2023-10-03 00:57:52.199 DEBUG 92451 --- [    Test worker] org.hibernate.type.BasicTypeRegistry     : Adding type registration java.time.OffsetDateTime -> org.hibernate.type.OffsetDateTimeType@34aa8b61
2023-10-03 00:57:52.201 DEBUG 92451 --- [    Test worker] org.hibernate.type.BasicTypeRegistry     : Adding type registration OffsetTime -> org.hibernate.type.OffsetTimeType@6fb0261e
2023-10-03 00:57:52.202 DEBUG 92451 --- [    Test worker] org.hibernate.type.BasicTypeRegistry     : Adding type registration java.time.OffsetTime -> org.hibernate.type.OffsetTimeType@6fb0261e
2023-10-03 00:57:52.204 DEBUG 92451 --- [    Test worker] org.hibernate.type.BasicTypeRegistry     : Adding type registration ZonedDateTime -> org.hibernate.type.ZonedDateTimeType@61853c7e
2023-10-03 00:57:52.205 DEBUG 92451 --- [    Test worker] org.hibernate.type.BasicTypeRegistry     : Adding type registration java.time.ZonedDateTime -> org.hibernate.type.ZonedDateTimeType@61853c7e
2023-10-03 00:57:52.206 DEBUG 92451 --- [    Test worker] org.hibernate.type.BasicTypeRegistry     : Adding type registration date -> org.hibernate.type.DateType@64dc86c6
2023-10-03 00:57:52.207 DEBUG 92451 --- [    Test worker] org.hibernate.type.BasicTypeRegistry     : Adding type registration java.sql.Date -> org.hibernate.type.DateType@64dc86c6
2023-10-03 00:57:52.209 DEBUG 92451 --- [    Test worker] org.hibernate.type.BasicTypeRegistry     : Adding type registration time -> org.hibernate.type.TimeType@5323999f
2023-10-03 00:57:52.209 DEBUG 92451 --- [    Test worker] org.hibernate.type.BasicTypeRegistry     : Adding type registration java.sql.Time -> org.hibernate.type.TimeType@5323999f
2023-10-03 00:57:52.211 DEBUG 92451 --- [    Test worker] org.hibernate.type.BasicTypeRegistry     : Adding type registration timestamp -> org.hibernate.type.TimestampType@6fb22ae3
2023-10-03 00:57:52.212 DEBUG 92451 --- [    Test worker] org.hibernate.type.BasicTypeRegistry     : Adding type registration java.sql.Timestamp -> org.hibernate.type.TimestampType@6fb22ae3
2023-10-03 00:57:52.212 DEBUG 92451 --- [    Test worker] org.hibernate.type.BasicTypeRegistry     : Adding type registration java.util.Date -> org.hibernate.type.TimestampType@6fb22ae3
2023-10-03 00:57:52.214 DEBUG 92451 --- [    Test worker] org.hibernate.type.BasicTypeRegistry     : Adding type registration dbtimestamp -> org.hibernate.type.DbTimestampType@6735f210
2023-10-03 00:57:52.215 DEBUG 92451 --- [    Test worker] org.hibernate.type.BasicTypeRegistry     : Adding type registration calendar -> org.hibernate.type.CalendarType@36ad5f2a
2023-10-03 00:57:52.216 DEBUG 92451 --- [    Test worker] org.hibernate.type.BasicTypeRegistry     : Adding type registration java.util.Calendar -> org.hibernate.type.CalendarType@36ad5f2a
2023-10-03 00:57:52.216 DEBUG 92451 --- [    Test worker] org.hibernate.type.BasicTypeRegistry     : Adding type registration java.util.GregorianCalendar -> org.hibernate.type.CalendarType@36ad5f2a
2023-10-03 00:57:52.217 DEBUG 92451 --- [    Test worker] org.hibernate.type.BasicTypeRegistry     : Adding type registration calendar_date -> org.hibernate.type.CalendarDateType@7de35070
2023-10-03 00:57:52.219 DEBUG 92451 --- [    Test worker] org.hibernate.type.BasicTypeRegistry     : Adding type registration calendar_time -> org.hibernate.type.CalendarTimeType@8b41ad
2023-10-03 00:57:52.220 DEBUG 92451 --- [    Test worker] org.hibernate.type.BasicTypeRegistry     : Adding type registration locale -> org.hibernate.type.LocaleType@4a9b3956
2023-10-03 00:57:52.220 DEBUG 92451 --- [    Test worker] org.hibernate.type.BasicTypeRegistry     : Adding type registration java.util.Locale -> org.hibernate.type.LocaleType@4a9b3956
2023-10-03 00:57:52.222 DEBUG 92451 --- [    Test worker] org.hibernate.type.BasicTypeRegistry     : Adding type registration currency -> org.hibernate.type.CurrencyType@3c16528d
2023-10-03 00:57:52.222 DEBUG 92451 --- [    Test worker] org.hibernate.type.BasicTypeRegistry     : Adding type registration java.util.Currency -> org.hibernate.type.CurrencyType@3c16528d
2023-10-03 00:57:52.223 DEBUG 92451 --- [    Test worker] org.hibernate.type.BasicTypeRegistry     : Adding type registration timezone -> org.hibernate.type.TimeZoneType@203b953c
2023-10-03 00:57:52.224 DEBUG 92451 --- [    Test worker] org.hibernate.type.BasicTypeRegistry     : Adding type registration java.util.TimeZone -> org.hibernate.type.TimeZoneType@203b953c
2023-10-03 00:57:52.225 DEBUG 92451 --- [    Test worker] org.hibernate.type.BasicTypeRegistry     : Adding type registration class -> org.hibernate.type.ClassType@51fe7f15
2023-10-03 00:57:52.225 DEBUG 92451 --- [    Test worker] org.hibernate.type.BasicTypeRegistry     : Adding type registration java.lang.Class -> org.hibernate.type.ClassType@51fe7f15
2023-10-03 00:57:52.226 DEBUG 92451 --- [    Test worker] org.hibernate.type.BasicTypeRegistry     : Adding type registration uuid-binary -> org.hibernate.type.UUIDBinaryType@7bede4ea
2023-10-03 00:57:52.226 DEBUG 92451 --- [    Test worker] org.hibernate.type.BasicTypeRegistry     : Adding type registration java.util.UUID -> org.hibernate.type.UUIDBinaryType@7bede4ea
2023-10-03 00:57:52.227 DEBUG 92451 --- [    Test worker] org.hibernate.type.BasicTypeRegistry     : Adding type registration uuid-char -> org.hibernate.type.UUIDCharType@27bc1d44
2023-10-03 00:57:52.228 DEBUG 92451 --- [    Test worker] org.hibernate.type.BasicTypeRegistry     : Adding type registration binary -> org.hibernate.type.BinaryType@2dcd0e41
2023-10-03 00:57:52.229 DEBUG 92451 --- [    Test worker] org.hibernate.type.BasicTypeRegistry     : Adding type registration byte[] -> org.hibernate.type.BinaryType@2dcd0e41
2023-10-03 00:57:52.229 DEBUG 92451 --- [    Test worker] org.hibernate.type.BasicTypeRegistry     : Adding type registration [B -> org.hibernate.type.BinaryType@2dcd0e41
2023-10-03 00:57:52.230 DEBUG 92451 --- [    Test worker] org.hibernate.type.BasicTypeRegistry     : Adding type registration wrapper-binary -> org.hibernate.type.WrapperBinaryType@3a45afd4
2023-10-03 00:57:52.231 DEBUG 92451 --- [    Test worker] org.hibernate.type.BasicTypeRegistry     : Adding type registration Byte[] -> org.hibernate.type.WrapperBinaryType@3a45afd4
2023-10-03 00:57:52.231 DEBUG 92451 --- [    Test worker] org.hibernate.type.BasicTypeRegistry     : Adding type registration [Ljava.lang.Byte; -> org.hibernate.type.WrapperBinaryType@3a45afd4
2023-10-03 00:57:52.233 DEBUG 92451 --- [    Test worker] org.hibernate.type.BasicTypeRegistry     : Adding type registration row_version -> org.hibernate.type.RowVersionType@2035d65b
2023-10-03 00:57:52.234 DEBUG 92451 --- [    Test worker] org.hibernate.type.BasicTypeRegistry     : Adding type registration image -> org.hibernate.type.ImageType@5d1a859c
2023-10-03 00:57:52.235 DEBUG 92451 --- [    Test worker] org.hibernate.type.BasicTypeRegistry     : Adding type registration characters -> org.hibernate.type.CharArrayType@1689527c
2023-10-03 00:57:52.235 DEBUG 92451 --- [    Test worker] org.hibernate.type.BasicTypeRegistry     : Adding type registration char[] -> org.hibernate.type.CharArrayType@1689527c
2023-10-03 00:57:52.235 DEBUG 92451 --- [    Test worker] org.hibernate.type.BasicTypeRegistry     : Adding type registration [C -> org.hibernate.type.CharArrayType@1689527c
2023-10-03 00:57:52.237 DEBUG 92451 --- [    Test worker] org.hibernate.type.BasicTypeRegistry     : Adding type registration wrapper-characters -> org.hibernate.type.CharacterArrayType@e01a26b
2023-10-03 00:57:52.237 DEBUG 92451 --- [    Test worker] org.hibernate.type.BasicTypeRegistry     : Adding type registration [Ljava.lang.Character; -> org.hibernate.type.CharacterArrayType@e01a26b
2023-10-03 00:57:52.237 DEBUG 92451 --- [    Test worker] org.hibernate.type.BasicTypeRegistry     : Adding type registration Character[] -> org.hibernate.type.CharacterArrayType@e01a26b
2023-10-03 00:57:52.238 DEBUG 92451 --- [    Test worker] org.hibernate.type.BasicTypeRegistry     : Adding type registration text -> org.hibernate.type.TextType@32da97fd
2023-10-03 00:57:52.239 DEBUG 92451 --- [    Test worker] org.hibernate.type.BasicTypeRegistry     : Adding type registration ntext -> org.hibernate.type.NTextType@464aeb09
2023-10-03 00:57:52.241 DEBUG 92451 --- [    Test worker] org.hibernate.type.BasicTypeRegistry     : Adding type registration blob -> org.hibernate.type.BlobType@b7d2d51
2023-10-03 00:57:52.242 DEBUG 92451 --- [    Test worker] org.hibernate.type.BasicTypeRegistry     : Adding type registration java.sql.Blob -> org.hibernate.type.BlobType@b7d2d51
2023-10-03 00:57:52.243 DEBUG 92451 --- [    Test worker] org.hibernate.type.BasicTypeRegistry     : Adding type registration materialized_blob -> org.hibernate.type.MaterializedBlobType@66b0e207
2023-10-03 00:57:52.245 DEBUG 92451 --- [    Test worker] org.hibernate.type.BasicTypeRegistry     : Adding type registration clob -> org.hibernate.type.ClobType@6a96d639
2023-10-03 00:57:52.245 DEBUG 92451 --- [    Test worker] org.hibernate.type.BasicTypeRegistry     : Adding type registration java.sql.Clob -> org.hibernate.type.ClobType@6a96d639
2023-10-03 00:57:52.247 DEBUG 92451 --- [    Test worker] org.hibernate.type.BasicTypeRegistry     : Adding type registration nclob -> org.hibernate.type.NClobType@23e2c1ca
2023-10-03 00:57:52.248 DEBUG 92451 --- [    Test worker] org.hibernate.type.BasicTypeRegistry     : Adding type registration java.sql.NClob -> org.hibernate.type.NClobType@23e2c1ca
2023-10-03 00:57:52.248 DEBUG 92451 --- [    Test worker] org.hibernate.type.BasicTypeRegistry     : Adding type registration materialized_clob -> org.hibernate.type.MaterializedClobType@baa9ce4
2023-10-03 00:57:52.249 DEBUG 92451 --- [    Test worker] org.hibernate.type.BasicTypeRegistry     : Adding type registration materialized_nclob -> org.hibernate.type.MaterializedNClobType@2755617b
2023-10-03 00:57:52.251 DEBUG 92451 --- [    Test worker] org.hibernate.type.BasicTypeRegistry     : Adding type registration serializable -> org.hibernate.type.SerializableType@25214797
2023-10-03 00:57:52.256 DEBUG 92451 --- [    Test worker] org.hibernate.type.BasicTypeRegistry     : Adding type registration object -> org.hibernate.type.ObjectType@1753475d
2023-10-03 00:57:52.256 DEBUG 92451 --- [    Test worker] org.hibernate.type.BasicTypeRegistry     : Adding type registration java.lang.Object -> org.hibernate.type.ObjectType@1753475d
2023-10-03 00:57:52.256 DEBUG 92451 --- [    Test worker] org.hibernate.type.BasicTypeRegistry     : Adding type registration imm_date -> org.hibernate.type.AdaptedImmutableType@63e4484d
2023-10-03 00:57:52.256 DEBUG 92451 --- [    Test worker] org.hibernate.type.BasicTypeRegistry     : Adding type registration imm_time -> org.hibernate.type.AdaptedImmutableType@6a5dd083
2023-10-03 00:57:52.257 DEBUG 92451 --- [    Test worker] org.hibernate.type.BasicTypeRegistry     : Adding type registration imm_timestamp -> org.hibernate.type.AdaptedImmutableType@77663cd7
2023-10-03 00:57:52.257 DEBUG 92451 --- [    Test worker] org.hibernate.type.BasicTypeRegistry     : Adding type registration imm_dbtimestamp -> org.hibernate.type.AdaptedImmutableType@1d17423f
2023-10-03 00:57:52.257 DEBUG 92451 --- [    Test worker] org.hibernate.type.BasicTypeRegistry     : Adding type registration imm_calendar -> org.hibernate.type.AdaptedImmutableType@5c70d7f0
2023-10-03 00:57:52.257 DEBUG 92451 --- [    Test worker] org.hibernate.type.BasicTypeRegistry     : Adding type registration imm_calendar_date -> org.hibernate.type.AdaptedImmutableType@582dcd35
2023-10-03 00:57:52.257 DEBUG 92451 --- [    Test worker] org.hibernate.type.BasicTypeRegistry     : Adding type registration imm_binary -> org.hibernate.type.AdaptedImmutableType@1e6bd263
2023-10-03 00:57:52.257 DEBUG 92451 --- [    Test worker] org.hibernate.type.BasicTypeRegistry     : Adding type registration imm_serializable -> org.hibernate.type.AdaptedImmutableType@394a6d2b
2023-10-03 00:57:52.321  INFO 92451 --- [    Test worker] com.zaxxer.hikari.HikariDataSource       : HikariPool-1 - Starting...
2023-10-03 00:57:52.839  INFO 92451 --- [    Test worker] com.zaxxer.hikari.HikariDataSource       : HikariPool-1 - Start completed.
2023-10-03 00:57:52.879  INFO 92451 --- [    Test worker] org.hibernate.dialect.Dialect            : HHH000400: Using dialect: org.hibernate.dialect.MySQL8Dialect
2023-10-03 00:57:52.916 DEBUG 92451 --- [    Test worker] o.h.type.spi.TypeConfiguration$Scope     : Scoping TypeConfiguration [org.hibernate.type.spi.TypeConfiguration@2a16d4dc] to MetadataBuildingContext [org.hibernate.boot.internal.MetadataBuildingContextRootImpl@75805562]
2023-10-03 00:57:53.160 DEBUG 92451 --- [    Test worker] o.h.type.spi.TypeConfiguration$Scope     : Scoping TypeConfiguration [org.hibernate.type.spi.TypeConfiguration@2a16d4dc] to SessionFactoryImpl [org.hibernate.internal.SessionFactoryImpl@4cf01c41]
2023-10-03 00:57:53.521 DEBUG 92451 --- [    Test worker] org.hibernate.SQL                        : drop table if exists hibernate_sequence
2023-10-03 00:57:53.578 DEBUG 92451 --- [    Test worker] org.hibernate.SQL                        : drop table if exists member
2023-10-03 00:57:53.627 DEBUG 92451 --- [    Test worker] org.hibernate.SQL                        : create table hibernate_sequence (next_val bigint) engine=InnoDB
2023-10-03 00:57:53.702 DEBUG 92451 --- [    Test worker] org.hibernate.SQL                        : insert into hibernate_sequence values ( 1 )
2023-10-03 00:57:53.732 DEBUG 92451 --- [    Test worker] org.hibernate.SQL                        : create table member (id bigint not null, username varchar(255), primary key (id)) engine=InnoDB
2023-10-03 00:57:53.796  INFO 92451 --- [    Test worker] o.h.e.t.j.p.i.JtaPlatformInitiator       : HHH000490: Using JtaPlatform implementation: [org.hibernate.engine.transaction.jta.platform.internal.NoJtaPlatform]
2023-10-03 00:57:53.807 TRACE 92451 --- [    Test worker] o.h.type.spi.TypeConfiguration$Scope     : Handling #sessionFactoryCreated from [org.hibernate.internal.SessionFactoryImpl@4cf01c41] for TypeConfiguration
2023-10-03 00:57:53.809  INFO 92451 --- [    Test worker] j.LocalContainerEntityManagerFactoryBean : Initialized JPA EntityManagerFactory for persistence unit 'default'
2023-10-03 00:57:54.041  WARN 92451 --- [    Test worker] JpaBaseConfiguration$JpaWebConfiguration : spring.jpa.open-in-view is enabled by default. Therefore, database queries may be performed during view rendering. Explicitly configure spring.jpa.open-in-view to disable this warning
2023-10-03 00:57:54.322  INFO 92451 --- [    Test worker] o.s.b.a.w.s.WelcomePageHandlerMapping    : Adding welcome page: class path resource [static/index.html]
2023-10-03 00:57:54.672  INFO 92451 --- [    Test worker] com.webnovel.MemberRepositoryTest        : Started MemberRepositoryTest in 4.819 seconds (JVM running for 6.521)
2023-10-03 00:57:54.809  INFO 92451 --- [    Test worker] o.s.t.c.transaction.TransactionContext   : Began transaction (1) for test context [DefaultTestContext@55a8dc49 testClass = MemberRepositoryTest, testInstance = com.webnovel.MemberRepositoryTest@34d0c331, testMethod = testMember@MemberRepositoryTest, testException = [null], mergedContextConfiguration = [WebMergedContextConfiguration@2a415aa9 testClass = MemberRepositoryTest, locations = '{}', classes = '{class com.webnovel.WebnovelApplication}', contextInitializerClasses = '[]', activeProfiles = '{}', propertySourceLocations = '{}', propertySourceProperties = '{org.springframework.boot.test.context.SpringBootTestContextBootstrapper=true}', contextCustomizers = set[org.springframework.boot.test.autoconfigure.actuate.metrics.MetricsExportContextCustomizerFactory$DisableMetricExportContextCustomizer@4097cac, org.springframework.boot.test.autoconfigure.properties.PropertyMappingContextCustomizer@0, org.springframework.boot.test.autoconfigure.web.servlet.WebDriverContextCustomizerFactory$Customizer@20b12f8a, org.springframework.boot.test.context.filter.ExcludeFilterContextCustomizer@56aaaecd, org.springframework.boot.test.json.DuplicateJsonObjectContextCustomizerFactory$DuplicateJsonObjectContextCustomizer@5ee2b6f9, org.springframework.boot.test.mock.mockito.MockitoContextCustomizer@0, org.springframework.boot.test.web.client.TestRestTemplateContextCustomizer@78365cfa, org.springframework.boot.test.context.SpringBootTestArgs@1, org.springframework.boot.test.context.SpringBootTestWebEnvironment@49c6c24f], resourceBasePath = 'src/main/webapp', contextLoader = 'org.springframework.boot.test.context.SpringBootContextLoader', parent = [null]], attributes = map['org.springframework.test.context.web.ServletTestExecutionListener.activateListener' -> true, 'org.springframework.test.context.web.ServletTestExecutionListener.populatedRequestContextHolder' -> true, 'org.springframework.test.context.web.ServletTestExecutionListener.resetRequestContextHolder' -> true, 'org.springframework.test.context.event.ApplicationEventsTestExecutionListener.recordApplicationEvents' -> false]]; transaction manager [org.springframework.orm.jpa.JpaTransactionManager@45e9db77]; rollback [false]
2023-10-03 00:57:54.974 DEBUG 92451 --- [    Test worker] org.hibernate.SQL                        : select next_val as id_val from hibernate_sequence for update
2023-10-03 00:57:55.001 DEBUG 92451 --- [    Test worker] org.hibernate.SQL                        : update hibernate_sequence set next_val= ? where next_val=?
✨✨findeMember == member:true
2023-10-03 00:57:55.158 DEBUG 92451 --- [    Test worker] org.hibernate.SQL                        : insert into member (username, id) values (?, ?)
2023-10-03 00:57:55.161 TRACE 92451 --- [    Test worker] o.h.type.descriptor.sql.BasicBinder      : binding parameter [1] as [VARCHAR] - [memberA]
2023-10-03 00:57:55.162 TRACE 92451 --- [    Test worker] o.h.type.descriptor.sql.BasicBinder      : binding parameter [2] as [BIGINT] - [1]
2023-10-03 00:57:55.197  INFO 92451 --- [    Test worker] o.s.t.c.transaction.TransactionContext   : Committed transaction for test: [DefaultTestContext@55a8dc49 testClass = MemberRepositoryTest, testInstance = com.webnovel.MemberRepositoryTest@34d0c331, testMethod = testMember@MemberRepositoryTest, testException = [null], mergedContextConfiguration = [WebMergedContextConfiguration@2a415aa9 testClass = MemberRepositoryTest, locations = '{}', classes = '{class com.webnovel.WebnovelApplication}', contextInitializerClasses = '[]', activeProfiles = '{}', propertySourceLocations = '{}', propertySourceProperties = '{org.springframework.boot.test.context.SpringBootTestContextBootstrapper=true}', contextCustomizers = set[org.springframework.boot.test.autoconfigure.actuate.metrics.MetricsExportContextCustomizerFactory$DisableMetricExportContextCustomizer@4097cac, org.springframework.boot.test.autoconfigure.properties.PropertyMappingContextCustomizer@0, org.springframework.boot.test.autoconfigure.web.servlet.WebDriverContextCustomizerFactory$Customizer@20b12f8a, org.springframework.boot.test.context.filter.ExcludeFilterContextCustomizer@56aaaecd, org.springframework.boot.test.json.DuplicateJsonObjectContextCustomizerFactory$DuplicateJsonObjectContextCustomizer@5ee2b6f9, org.springframework.boot.test.mock.mockito.MockitoContextCustomizer@0, org.springframework.boot.test.web.client.TestRestTemplateContextCustomizer@78365cfa, org.springframework.boot.test.context.SpringBootTestArgs@1, org.springframework.boot.test.context.SpringBootTestWebEnvironment@49c6c24f], resourceBasePath = 'src/main/webapp', contextLoader = 'org.springframework.boot.test.context.SpringBootContextLoader', parent = [null]], attributes = map['org.springframework.test.context.web.ServletTestExecutionListener.activateListener' -> true, 'org.springframework.test.context.web.ServletTestExecutionListener.populatedRequestContextHolder' -> true, 'org.springframework.test.context.web.ServletTestExecutionListener.resetRequestContextHolder' -> true, 'org.springframework.test.context.event.ApplicationEventsTestExecutionListener.recordApplicationEvents' -> false]]
]]></system-out>
  <system-err><![CDATA[]]></system-err>
</testsuite>
